#! /c/Source/iverilog-install/bin/vvp
:ivl_version "12.0 (devel)" "(s20150603-1539-g2693dd32b)";
:ivl_delay_selection "TYPICAL";
:vpi_time_precision + 0;
:vpi_module "C:\iverilog\lib\ivl\system.vpi";
:vpi_module "C:\iverilog\lib\ivl\vhdl_sys.vpi";
:vpi_module "C:\iverilog\lib\ivl\vhdl_textio.vpi";
:vpi_module "C:\iverilog\lib\ivl\v2005_math.vpi";
:vpi_module "C:\iverilog\lib\ivl\va_math.vpi";
S_0000019f26457260 .scope module, "non_restoring_div_tb" "non_restoring_div_tb" 2 58;
 .timescale 0 0;
v0000019f26451ac0_0 .var "clk", 0 0;
v0000019f26451b60_0 .var "dividend", 63 0;
v0000019f26451c00_0 .var "divisor", 63 0;
v0000019f264526f0_0 .net "quotient", 63 0, v0000019f26446100_0;  1 drivers
v0000019f26452290_0 .net "remainder", 63 0, v0000019f26457580_0;  1 drivers
v0000019f26451f70_0 .var "reset", 0 0;
S_0000019f264573f0 .scope module, "divider" "non_restoring_div" 2 63, 2 1 0, S_0000019f26457260;
 .timescale 0 0;
    .port_info 0 /INPUT 1 "clk";
    .port_info 1 /INPUT 1 "reset";
    .port_info 2 /INPUT 64 "Dividend";
    .port_info 3 /INPUT 64 "Divisor";
    .port_info 4 /OUTPUT 64 "Quotient";
    .port_info 5 /OUTPUT 64 "Remainder";
v0000019f26448910_0 .net "Dividend", 63 0, v0000019f26451b60_0;  1 drivers
v0000019f26546f20_0 .net "Divisor", 63 0, v0000019f26451c00_0;  1 drivers
v0000019f26446100_0 .var "Quotient", 63 0;
v0000019f26457580_0 .var "Remainder", 63 0;
v0000019f26457620_0 .var "a", 63 0;
v0000019f264a5840_0 .net "clk", 0 0, v0000019f26451ac0_0;  1 drivers
v0000019f264a58e0_0 .var/i "i", 31 0;
v0000019f264a5980_0 .var "p", 63 0;
v0000019f264a5e30_0 .net "reset", 0 0, v0000019f26451f70_0;  1 drivers
v0000019f264a5ed0_0 .var "temp", 63 0;
E_0000019f26447d40/0 .event anyedge, v0000019f26448910_0, v0000019f264a5980_0, v0000019f26457620_0, v0000019f26546f20_0;
E_0000019f26447d40/1 .event anyedge, v0000019f264a5ed0_0;
E_0000019f26447d40 .event/or E_0000019f26447d40/0, E_0000019f26447d40/1;
E_0000019f26447d80/0 .event negedge, v0000019f264a5e30_0;
E_0000019f26447d80/1 .event posedge, v0000019f264a5840_0;
E_0000019f26447d80 .event/or E_0000019f26447d80/0, E_0000019f26447d80/1;
    .scope S_0000019f264573f0;
T_0 ;
    %wait E_0000019f26447d80;
    %load/vec4 v0000019f264a5e30_0;
    %nor/r;
    %flag_set/vec4 8;
    %jmp/0xz  T_0.0, 8;
    %pushi/vec4 0, 0, 64;
    %assign/vec4 v0000019f26446100_0, 0;
    %pushi/vec4 0, 0, 64;
    %assign/vec4 v0000019f26457580_0, 0;
    %jmp T_0.1;
T_0.0 ;
    %load/vec4 v0000019f26457620_0;
    %assign/vec4 v0000019f26446100_0, 0;
    %load/vec4 v0000019f264a5980_0;
    %assign/vec4 v0000019f26457580_0, 0;
T_0.1 ;
    %jmp T_0;
    .thread T_0;
    .scope S_0000019f264573f0;
T_1 ;
    %wait E_0000019f26447d40;
    %load/vec4 v0000019f26448910_0;
    %store/vec4 v0000019f26457620_0, 0, 64;
    %pushi/vec4 0, 0, 64;
    %store/vec4 v0000019f264a5980_0, 0, 64;
    %pushi/vec4 0, 0, 32;
    %store/vec4 v0000019f264a58e0_0, 0, 32;
T_1.0 ;
    %load/vec4 v0000019f264a58e0_0;
    %cmpi/s 64, 0, 32;
    %jmp/0xz T_1.1, 5;
    %load/vec4 v0000019f264a5980_0;
    %ix/load 4, 1, 0;
    %flag_set/imm 4, 0;
    %shiftl 4;
    %load/vec4 v0000019f26457620_0;
    %parti/s 1, 63, 7;
    %pad/u 64;
    %or;
    %store/vec4 v0000019f264a5980_0, 0, 64;
    %load/vec4 v0000019f26457620_0;
    %ix/load 4, 1, 0;
    %flag_set/imm 4, 0;
    %shiftl 4;
    %store/vec4 v0000019f26457620_0, 0, 64;
    %load/vec4 v0000019f264a5980_0;
    %parti/s 1, 63, 7;
    %flag_set/vec4 8;
    %jmp/0xz  T_1.2, 8;
    %load/vec4 v0000019f26546f20_0;
    %store/vec4 v0000019f264a5ed0_0, 0, 64;
    %jmp T_1.3;
T_1.2 ;
    %load/vec4 v0000019f26546f20_0;
    %inv;
    %addi 1, 0, 64;
    %store/vec4 v0000019f264a5ed0_0, 0, 64;
T_1.3 ;
    %load/vec4 v0000019f264a5980_0;
    %load/vec4 v0000019f264a5ed0_0;
    %add;
    %store/vec4 v0000019f264a5980_0, 0, 64;
    %load/vec4 v0000019f264a5980_0;
    %parti/s 1, 63, 7;
    %flag_set/vec4 8;
    %jmp/0xz  T_1.4, 8;
    %load/vec4 v0000019f26457620_0;
    %pushi/vec4 0, 0, 64;
    %or;
    %store/vec4 v0000019f26457620_0, 0, 64;
    %jmp T_1.5;
T_1.4 ;
    %load/vec4 v0000019f26457620_0;
    %pushi/vec4 1, 0, 64;
    %or;
    %store/vec4 v0000019f26457620_0, 0, 64;
T_1.5 ;
    %load/vec4 v0000019f264a58e0_0;
    %addi 1, 0, 32;
    %store/vec4 v0000019f264a58e0_0, 0, 32;
    %jmp T_1.0;
T_1.1 ;
    %load/vec4 v0000019f264a5980_0;
    %parti/s 1, 63, 7;
    %flag_set/vec4 8;
    %jmp/0xz  T_1.6, 8;
    %load/vec4 v0000019f264a5980_0;
    %load/vec4 v0000019f26546f20_0;
    %add;
    %store/vec4 v0000019f264a5980_0, 0, 64;
T_1.6 ;
    %jmp T_1;
    .thread T_1, $push;
    .scope S_0000019f26457260;
T_2 ;
T_2.0 ;
    %delay 1, 0;
    %load/vec4 v0000019f26451ac0_0;
    %inv;
    %store/vec4 v0000019f26451ac0_0, 0, 1;
    %jmp T_2.0;
    %end;
    .thread T_2;
    .scope S_0000019f26457260;
T_3 ;
    %vpi_call 2 69 "$monitor", "%0d / %0d: q = %0d, r = %0d", v0000019f26451b60_0, v0000019f26451c00_0, v0000019f264526f0_0, v0000019f26452290_0 {0 0 0};
    %end;
    .thread T_3;
    .scope S_0000019f26457260;
T_4 ;
    %pushi/vec4 0, 0, 1;
    %store/vec4 v0000019f26451ac0_0, 0, 1;
    %pushi/vec4 0, 0, 1;
    %store/vec4 v0000019f26451f70_0, 0, 1;
    %delay 1, 0;
    %pushi/vec4 1, 0, 1;
    %store/vec4 v0000019f26451f70_0, 0, 1;
    %pushi/vec4 87, 0, 64;
    %store/vec4 v0000019f26451b60_0, 0, 64;
    %pushi/vec4 5, 0, 64;
    %store/vec4 v0000019f26451c00_0, 0, 64;
    %delay 5, 0;
    %pushi/vec4 59, 0, 64;
    %store/vec4 v0000019f26451b60_0, 0, 64;
    %pushi/vec4 20, 0, 64;
    %store/vec4 v0000019f26451c00_0, 0, 64;
    %delay 5, 0;
    %pushi/vec4 4294967295, 0, 32;
    %concati/vec4 4294967295, 0, 32;
    %store/vec4 v0000019f26451b60_0, 0, 64;
    %pushi/vec4 2, 0, 64;
    %store/vec4 v0000019f26451c00_0, 0, 64;
    %delay 5, 0;
    %pushi/vec4 305419896, 0, 64;
    %store/vec4 v0000019f26451b60_0, 0, 64;
    %pushi/vec4 1, 0, 64;
    %store/vec4 v0000019f26451c00_0, 0, 64;
    %delay 5, 0;
    %load/vec4 v0000019f26451b60_0;
    %store/vec4 v0000019f26451c00_0, 0, 64;
    %delay 5, 0;
    %vpi_call 2 97 "$finish" {0 0 0};
    %end;
    .thread T_4;
# The file index is used to find the file name in the following table.
:file_names 3;
    "N/A";
    "<interactive>";
    ".\nonRestoring.v";
